\BOOKMARK [1][-]{section.1}{\376\377\000C\000h\000a\000p\000t\000e\000r\000\040\0001}{}% 1
\BOOKMARK [2][-]{subsection.1.1}{\376\377\000T\000e\000r\000m\000i\000n\000o\000l\000o\000g\000y}{section.1}% 2
\BOOKMARK [2][-]{subsection.1.2}{\376\377\000S\000o\000m\000e\000\040\000M\000a\000t\000h\000e\000m\000a\000t\000i\000c\000a\000l\000\040\000M\000o\000d\000e\000l\000s}{section.1}% 3
\BOOKMARK [1][-]{section.2}{\376\377\000F\000i\000r\000s\000t\000-\000O\000r\000d\000e\000r\000\040\000D\000i\000f\000f\000e\000r\000e\000n\000t\000i\000a\000l\000\040\000E\000q\000u\000a\000t\000i\000o\000n\000s}{}% 4
\BOOKMARK [2][-]{subsection.2.1}{\376\377\000P\000r\000e\000l\000i\000m\000i\000n\000a\000r\000y\000\040\000T\000h\000e\000o\000r\000y}{section.2}% 5
\BOOKMARK [3][-]{subsubsection.2.1.1}{\376\377\000T\000h\000e\000o\000r\000e\000m}{subsection.2.1}% 6
\BOOKMARK [3][-]{subsubsection.2.1.2}{\376\377\000K\000e\000y\000\040\000Q\000u\000e\000s\000t\000i\000o\000n\000s\000:}{subsection.2.1}% 7
\BOOKMARK [2][-]{subsection.2.2}{\376\377\000S\000e\000p\000a\000r\000a\000b\000l\000e\000\040\000V\000a\000r\000i\000a\000b\000l\000e\000s\000\040\000\050\000S\000e\000p\000a\000r\000a\000b\000l\000e\000\040\000E\000q\000u\000a\000t\000i\000o\000n\000s\000\051}{section.2}% 8
\BOOKMARK [3][-]{subsubsection.2.2.1}{\376\377\000D\000e\000f\000i\000n\000i\000t\000i\000o\000n\000:\000\040}{subsection.2.2}% 9
\BOOKMARK [3][-]{subsubsection.2.2.2}{\376\377\000S\000u\000b\000s\000t\000i\000t\000u\000t\000i\000o\000n}{subsection.2.2}% 10
\BOOKMARK [2][-]{subsection.2.3}{\376\377\000H\000o\000m\000o\000g\000e\000n\000e\000o\000u\000s\000\040\000E\000q\000u\000a\000t\000i\000o\000n\000s}{section.2}% 11
\BOOKMARK [3][-]{subsubsection.2.3.1}{\376\377\000D\000e\000f\000i\000n\000i\000t\000i\000o\000n}{subsection.2.3}% 12
\BOOKMARK [3][-]{subsubsection.2.3.2}{\376\377\000E\000x\000a\000m\000p\000l\000e}{subsection.2.3}% 13
\BOOKMARK [3][-]{subsubsection.2.3.3}{\376\377\000D\000i\000f\000f\000e\000r\000e\000n\000t\000i\000a\000l\000\040\000E\000q\000u\000a\000t\000i\000o\000n\000\040\000f\000o\000r\000m}{subsection.2.3}% 14
\BOOKMARK [3][-]{subsubsection.2.3.4}{\376\377\000S\000u\000b\000s\000t\000i\000t\000u\000t\000i\000o\000n}{subsection.2.3}% 15
\BOOKMARK [3][-]{subsubsection.2.3.5}{\376\377\000E\000x\000a\000m\000p\000l\000e}{subsection.2.3}% 16
\BOOKMARK [2][-]{subsection.2.4}{\376\377\000E\000x\000a\000c\000t\000\040\000E\000q\000u\000a\000t\000i\000o\000n\000s}{section.2}% 17
\BOOKMARK [3][-]{subsubsection.2.4.1}{\376\377\000D\000e\000f\000i\000n\000i\000t\000i\000o\000n}{subsection.2.4}% 18
\BOOKMARK [3][-]{subsubsection.2.4.2}{\376\377\000S\000o\000l\000v\000e\000\040\000t\000h\000e\000\040\000D\000E}{subsection.2.4}% 19
\BOOKMARK [3][-]{subsubsection.2.4.3}{\376\377\000E\000x\000a\000m\000p\000l\000e\000:}{subsection.2.4}% 20
\BOOKMARK [2][-]{subsection.2.5}{\376\377\000L\000i\000n\000e\000a\000r\000\040\000E\000q\000u\000a\000t\000i\000o\000n\000s}{section.2}% 21
\BOOKMARK [3][-]{subsubsection.2.5.1}{\376\377\000P\000r\000o\000c\000e\000d\000u\000r\000e\000\040\000t\000o\000\040\000f\000o\000l\000l\000o\000w\000\040\000f\000o\000r\000\040\000e\000v\000e\000r\000y\000\040\000L\000i\000n\000e\000a\000r\000\040\000D\000E}{subsection.2.5}% 22
\BOOKMARK [2][-]{subsection.2.6}{\376\377\000W\000h\000a\000t\000\040\000m\000e\000t\000h\000o\000d\000\040\000t\000o\000\040\000u\000s\000e\000\040\000t\000o\000\040\000s\000o\000l\000v\000e\000?}{section.2}% 23
\BOOKMARK [1][-]{section.3}{\376\377\000A\000p\000p\000l\000i\000c\000a\000t\000i\000o\000n\000s\000\040\000o\000f\000\040\000F\000i\000r\000s\000t\000-\000O\000r\000d\000e\000r\000\040\000D\000i\000f\000f\000e\000r\000e\000n\000t\000i\000a\000l\000\040\000E\000q\000u\000a\000t\000i\000o\000n}{}% 24
\BOOKMARK [2][-]{subsection.3.1}{\376\377\000O\000r\000t\000h\000o\000g\000o\000n\000a\000l\000\040\000T\000r\000a\000j\000e\000c\000t\000o\000r\000i\000e\000s}{section.3}% 25
\BOOKMARK [3][-]{subsubsection.3.1.1}{\376\377\000E\000x\000a\000m\000p\000l\000e}{subsection.3.1}% 26
\BOOKMARK [3][-]{subsubsection.3.1.2}{\376\377\000D\000e\000f\000i\000n\000i\000t\000i\000o\000n}{subsection.3.1}% 27
\BOOKMARK [2][-]{subsection.3.2}{\376\377\000A\000p\000p\000l\000i\000c\000a\000t\000i\000o\000n\000s\000\040\000o\000f\000\040\000L\000i\000n\000e\000a\000r\000\040\000E\000q\000u\000a\000t\000i\000o\000n\000s}{section.3}% 28
\BOOKMARK [2][-]{subsection.3.3}{\376\377\000A\000p\000p\000l\000i\000c\000a\000t\000i\000o\000n\000s\000\040\000o\000f\000\040\000N\000o\000n\000l\000i\000n\000e\000a\000r\000\040\000E\000q\000u\000a\000t\000i\000o\000n\000s}{section.3}% 29
\BOOKMARK [1][-]{section.4}{\376\377\000L\000i\000n\000e\000a\000r\000\040\000D\000E\000\040\000o\000f\000\040\000H\000i\000g\000h\000e\000r\000\040\000O\000r\000d\000e\000r}{}% 30
\BOOKMARK [2][-]{subsection.4.1}{\376\377\000P\000r\000e\000l\000i\000m\000i\000n\000a\000r\000y\000\040\000T\000h\000e\000o\000r\000y}{section.4}% 31
\BOOKMARK [2][-]{subsection.4.2}{\376\377\000C\000o\000n\000s\000t\000r\000u\000c\000t\000i\000n\000g\000\040\000a\000\040\000S\000e\000c\000o\000n\000d\000\040\000S\000o\000l\000u\000t\000i\000o\000n\000\040\000f\000r\000o\000m\000\040\000a\000\040\000K\000n\000o\000w\000n\000\040\000S\000o\000l\000u\000t\000i\000o\000n}{section.4}% 32
\BOOKMARK [3][-]{subsubsection.4.2.1}{\376\377\000G\000e\000n\000e\000r\000a\000l\000\040\000R\000e\000d\000u\000c\000t\000i\000o\000n\000\040\000o\000f\000\040\000O\000r\000d\000e\000r\000\040\000F\000o\000r\000m\000u\000l\000a}{subsection.4.2}% 33
\BOOKMARK [2][-]{subsection.4.3}{\376\377\000H\000o\000m\000o\000g\000e\000n\000e\000o\000u\000s\000\040\000L\000i\000n\000e\000a\000r\000\040\000E\000q\000u\000a\000t\000i\000o\000n\000s\000\040\000w\000/\000\040\000C\000o\000n\000s\000t\000a\000n\000t\000\040\000C\000o\000e\000f\000f\000i\000c\000i\000e\000n\000t\000s}{section.4}% 34
\BOOKMARK [3][-]{subsubsection.4.3.1}{\376\377\000A\000u\000x\000i\000l\000l\000i\000a\000r\000y\000\040\000E\000q\000u\000a\000t\000i\000o\000n\000\040\000f\000o\000r\000\040\000a\000\040\000D\000E}{subsection.4.3}% 35
\BOOKMARK [3][-]{subsubsection.4.3.2}{\376\377\000T\000h\000r\000e\000e\000\040\000S\000c\000e\000n\000a\000r\000i\000o\000s\000\040\000f\000o\000r\000\040\000t\000h\000e\000\040\000A\000u\000x\000i\000l\000l\000i\000a\000r\000y\000\040\000E\000q\000u\000a\000t\000i\000o\000n}{subsection.4.3}% 36
\BOOKMARK [2][-]{subsection.4.4}{\376\377\000U\000n\000d\000e\000t\000e\000r\000m\000i\000n\000e\000d\000\040\000C\000o\000e\000f\000f\000i\000c\000i\000e\000n\000t\000s\000\040\000-\000\040\000S\000u\000p\000e\000r\000p\000o\000s\000i\000t\000i\000o\000n\000\040\000A\000p\000p\000r\000o\000a\000c\000h}{section.4}% 37
\BOOKMARK [3][-]{subsubsection.4.4.1}{\376\377\000T\000r\000i\000a\000l\000\040\000P\000a\000r\000t\000i\000c\000u\000l\000a\000r\000\040\000S\000o\000l\000u\000t\000i\000o\000n\000s}{subsection.4.4}% 38
\BOOKMARK [2][-]{subsection.4.5}{\376\377\000V\000a\000r\000i\000a\000t\000i\000o\000n\000\040\000o\000f\000\040\000P\000a\000r\000a\000m\000e\000t\000e\000r\000s}{section.4}% 39
\BOOKMARK [3][-]{subsubsection.4.5.1}{\376\377\000I\000d\000e\000a\000:}{subsection.4.5}% 40
\BOOKMARK [3][-]{subsubsection.4.5.2}{\376\377\000D\000e\000r\000i\000v\000a\000t\000i\000o\000n\000:}{subsection.4.5}% 41
\BOOKMARK [3][-]{subsubsection.4.5.3}{\376\377\000E\000x\000a\000m\000p\000l\000e}{subsection.4.5}% 42
\BOOKMARK [1][-]{section.5}{\376\377\000A\000p\000p\000l\000i\000c\000a\000t\000i\000o\000n\000s\000\040\000o\000f\000\040\0002\000n\000d\000-\000O\000r\000d\000e\000r\000\040\000D\000E}{}% 43
\BOOKMARK [2][-]{subsection.5.1}{\376\377\000S\000i\000m\000p\000l\000e\000\040\000H\000a\000r\000m\000o\000n\000i\000c\000\040\000M\000o\000t\000i\000o\000n}{section.5}% 44
\BOOKMARK [3][-]{subsubsection.5.1.1}{\376\377\000E\000x\000a\000m\000p\000l\000e}{subsection.5.1}% 45
\BOOKMARK [2][-]{subsection.5.2}{\376\377\000D\000a\000m\000p\000e\000d\000\040\000M\000o\000t\000i\000o\000n}{section.5}% 46
\BOOKMARK [3][-]{subsubsection.5.2.1}{\376\377\000D\000i\000f\000f\000e\000r\000e\000n\000t\000i\000a\000l\000\040\000E\000q\000u\000a\000t\000i\000o\000n\000\040\000f\000o\000r\000m}{subsection.5.2}% 47
\BOOKMARK [2][-]{subsection.5.3}{\376\377\000F\000o\000r\000c\000e\000d\000\040\000M\000o\000t\000i\000o\000n}{section.5}% 48
\BOOKMARK [3][-]{subsubsection.5.3.1}{\376\377\000E\000x\000a\000m\000p\000l\000e}{subsection.5.3}% 49
\BOOKMARK [2][-]{subsection.5.4}{\376\377\000E\000l\000e\000c\000t\000r\000i\000c\000\040\000C\000i\000r\000c\000u\000i\000t\000s\000\040\000\046\000\040\000O\000t\000h\000e\000r\000\040\000A\000n\000a\000l\000o\000g\000o\000u\000s\000\040\000S\000y\000s\000t\000e\000m\000s}{section.5}% 50
\BOOKMARK [3][-]{subsubsection.5.4.1}{\376\377\000E\000x\000a\000m\000p\000l\000e}{subsection.5.4}% 51
\BOOKMARK [1][-]{section.6}{\376\377\000D\000E\000\040\000w\000i\000t\000h\000\040\000V\000a\000r\000i\000a\000b\000l\000e\000\040\000C\000o\000e\000f\000f\000i\000c\000i\000e\000n\000t\000s}{}% 52
\BOOKMARK [2][-]{subsection.6.1}{\376\377\000C\000a\000u\000c\000h\000y\000-\000E\000u\000l\000e\000r\000\040\000E\000q\000u\000a\000t\000i\000o\000n\000s}{section.6}% 53
\BOOKMARK [3][-]{subsubsection.6.1.1}{\376\377\000G\000e\000n\000e\000r\000a\000l\000\040\000F\000o\000r\000m\000u\000l\000a\000\040\000f\000o\000r\000\040\000t\000h\000e\000\040\000A\000u\000x\000i\000l\000l\000i\000a\000r\000y\000\040\000E\000q\000u\000a\000t\000i\000o\000n}{subsection.6.1}% 54
\BOOKMARK [3][-]{subsubsection.6.1.2}{\376\377\000S\000t\000e\000p\000s\000\040\000t\000o\000\040\000s\000o\000l\000v\000i\000n\000g\000\040\000f\000o\000r\000\040\000a\000n\000\040\000a\000u\000x\000i\000l\000l\000i\000a\000r\000y\000\040\000e\000q\000u\000a\000t\000i\000o\000n}{subsection.6.1}% 55
\BOOKMARK [3][-]{subsubsection.6.1.3}{\376\377\000F\000o\000r\000m\000s\000\040\000o\000f\000\040\000S\000o\000l\000u\000t\000i\000o\000n\000s}{subsection.6.1}% 56
\BOOKMARK [3][-]{subsubsection.6.1.4}{\376\377\000E\000x\000a\000m\000p\000l\000e\000\040\000C\000a\000s\000e\000\040\0001}{subsection.6.1}% 57
\BOOKMARK [3][-]{subsubsection.6.1.5}{\376\377\000E\000x\000a\000m\000p\000l\000e\000\040\000C\000a\000s\000e\000\040\0002}{subsection.6.1}% 58
\BOOKMARK [3][-]{subsubsection.6.1.6}{\376\377\000E\000x\000a\000m\000p\000l\000e\000\040\000C\000a\000s\000e\000\040\0003}{subsection.6.1}% 59
\BOOKMARK [2][-]{subsection.6.2}{\376\377\000R\000e\000v\000i\000e\000w\000\040\000o\000f\000\040\000P\000o\000w\000e\000r\000\040\000S\000e\000r\000i\000e\000s\000;\000\040\000P\000o\000w\000e\000r\000-\000S\000e\000r\000i\000e\000s\000\040\000S\000o\000l\000u\000t\000i\000o\000n\000s}{section.6}% 60
\BOOKMARK [3][-]{subsubsection.6.2.1}{\376\377\000E\000x\000a\000m\000p\000l\000e}{subsection.6.2}% 61
\BOOKMARK [3][-]{subsubsection.6.2.2}{\376\377\000W\000r\000i\000t\000e\000\040\000n\000=\0001\0002\000n\000c\000n\000x\000n\000-\0001\000+\000n\000=\0000\0006\000c\000n\000x\000n\000+\0001\000\040\000a\000s\000\040\000o\000n\000e\000\040\000s\000e\000r\000i\000e\000s}{subsection.6.2}% 62
\BOOKMARK [3][-]{subsubsection.6.2.3}{\376\377\000U\000s\000e\000\040\000P\000o\000w\000e\000r\000\040\000S\000e\000r\000i\000e\000s\000\040\000t\000o\000\040\000s\000o\000l\000v\000e\000\040\000y\000'\000-\0002\000x\000y\000=\0000}{subsection.6.2}% 63
\BOOKMARK [3][-]{subsubsection.6.2.4}{\376\377\0004\000y\000'\000'\000+\000y\000=\0000}{subsection.6.2}% 64
\BOOKMARK [1][-]{section.7}{\376\377\000L\000a\000p\000l\000a\000c\000e\000\040\000T\000r\000a\000n\000s\000f\000o\000r\000m\000a\000t\000i\000o\000n\000s}{}% 65
\BOOKMARK [2][-]{subsection.7.1}{\376\377\000L\000a\000p\000l\000a\000c\000e\000\040\000T\000r\000a\000n\000s\000f\000o\000r\000m\000:}{section.7}% 66
\BOOKMARK [3][-]{subsubsection.7.1.1}{\376\377\000D\000e\000f\000i\000n\000i\000t\000i\000o\000n}{subsection.7.1}% 67
\BOOKMARK [3][-]{subsubsection.7.1.2}{\376\377\000E\000x\000a\000m\000p\000l\000e\000\040\000L}{subsection.7.1}% 68
\BOOKMARK [3][-]{subsubsection.7.1.3}{\376\377\000T\000h\000e\000o\000r\000e\000m}{subsection.7.1}% 69
\BOOKMARK [3][-]{subsubsection.7.1.4}{\376\377\000T\000h\000e\000o\000r\000e\000m}{subsection.7.1}% 70
\BOOKMARK [3][-]{subsubsection.7.1.5}{\376\377\000F\000o\000r\000m\000s\000\040\000o\000f\000\040\000L\000a\000p\000l\000a\000c\000e\000\040\000T\000r\000a\000n\000s\000f\000o\000r\000m\000a\000t\000i\000o\000n\000s}{subsection.7.1}% 71
\BOOKMARK [2][-]{subsection.7.2}{\376\377\000I\000n\000v\000e\000r\000s\000e\000\040\000L\000a\000p\000l\000a\000c\000e\000\040\000T\000r\000a\000n\000s\000f\000o\000r\000m\000:}{section.7}% 72
\BOOKMARK [3][-]{subsubsection.7.2.1}{\376\377\000E\000x\000a\000m\000p\000l\000e}{subsection.7.2}% 73
\BOOKMARK [3][-]{subsubsection.7.2.2}{\376\377\000T\000h\000e\000o\000r\000e\000m}{subsection.7.2}% 74
\BOOKMARK [1][-]{section.8}{\376\377\000E\000x\000a\000m\000p\000l\000e\000\040\000P\000r\000o\000b\000l\000e\000m\000s\000\040\000w\000i\000t\000h\000\040\000S\000o\000l\000u\000t\000i\000o\000n\000s}{}% 75
\BOOKMARK [2][-]{subsection.8.1}{}{section.8}% 76
\BOOKMARK [2][-]{subsection.8.2}{\376\377\000y\000d\000x\000=\000\050\0002\000+\0003\000x\000\051\000d\000y}{section.8}% 77
\BOOKMARK [2][-]{subsection.8.3}{\376\377\000d\000y\000d\000x\000\040\000=\000\040\000e\000x\000e\0005\000y}{section.8}% 78
\BOOKMARK [2][-]{subsection.8.4}{\376\377\000y\000'\000=\0002\000y\000-\000y\0002}{section.8}% 79
\BOOKMARK [2][-]{subsection.8.5}{\376\377\000\050\000x\000-\000y\000\051\000d\000x\000+\000x\000d\000y\000=\0000}{section.8}% 80
\BOOKMARK [2][-]{subsection.8.6}{\376\377\000\050\000x\0003\000+\000y\0002\000\051\000d\000x\000=\0003\000x\000y\0002\000d\000y\000=\0000}{section.8}% 81
\BOOKMARK [2][-]{subsection.8.7}{\376\377\000L\000o\000g\000i\000s\000t\000i\000c\000\040\000G\000r\000o\000w\000t\000h\000\040\000R\000u\000m\000o\000r}{section.8}% 82
\BOOKMARK [2][-]{subsection.8.8}{\376\377\000C\000h\000e\000m\000i\000c\000a\000l\000\040\000R\000e\000a\000c\000t\000i\000o\000n}{section.8}% 83
\BOOKMARK [2][-]{subsection.8.9}{\376\377\000F\000i\000n\000d\000\040\000t\000h\000e\000\040\000a\000u\000x\000i\000l\000l\000i\000a\000r\000y\000\040\000e\000q\000u\000a\000t\000i\000o\000n\000\040\000f\000o\000r\000\040\000t\000h\000e\000\040\000D\000E}{section.8}% 84
\BOOKMARK [2][-]{subsection.8.10}{\376\377\0003\000m\0002\000+\0005\000m\000-\0002\000=\0000}{section.8}% 85
\BOOKMARK [2][-]{subsection.8.11}{\376\377\000m\0002\000+\0004\000m\000+\0004\000=\0000}{section.8}% 86
\BOOKMARK [2][-]{subsection.8.12}{\376\377\000y\000'\000'\000-\0002\000y\000'\000-\0003\000y\000=\000-\0006\000x\0002\000+\000x\000-\0002}{section.8}% 87
\BOOKMARK [2][-]{subsection.8.13}{\376\377\000y\000'\000'\000+\0002\000y\000'\000+\000y\000=\0003\0002\000x}{section.8}% 88
